<?xml version="1.0" encoding="UTF-8"?>
<testng-results ignored="0" total="1" passed="1" failed="0" skipped="0">
  <reporter-output>
  </reporter-output>
  <suite started-at="2023-06-09T16:54:54 IST" name="Default suite" finished-at="2023-06-09T16:55:14 IST" duration-ms="19533">
    <groups>
    </groups>
    <test started-at="2023-06-09T16:54:54 IST" name="Default test" finished-at="2023-06-09T16:55:14 IST" duration-ms="19533">
      <class name="HolidaysTestcases">
        <test-method is-config="true" signature="initialize()[pri:0, instance:HolidaysTestcases@1d9b7cce]" started-at="2023-06-09T16:54:54 IST" name="initialize" finished-at="2023-06-09T16:55:11 IST" duration-ms="16846" status="PASS">
          <reporter-output>
          </reporter-output>
        </test-method> <!-- initialize -->
        <test-method signature="HolidaysTestcases()[pri:0, instance:HolidaysTestcases@1d9b7cce]" started-at="2023-06-09T16:55:11 IST" name="HolidaysTestcases" finished-at="2023-06-09T16:55:13 IST" duration-ms="2094" status="PASS">
          <reporter-output>
          </reporter-output>
        </test-method> <!-- HolidaysTestcases -->
        <test-method is-config="true" signature="close()[pri:0, instance:HolidaysTestcases@1d9b7cce]" started-at="2023-06-09T16:55:13 IST" name="close" finished-at="2023-06-09T16:55:14 IST" duration-ms="532" status="PASS">
          <reporter-output>
          </reporter-output>
        </test-method> <!-- close -->
      </class> <!-- HolidaysTestcases -->
    </test> <!-- Default test -->
  </suite> <!-- Default suite -->
</testng-results>
